2025-03-07 17:03:891 INFO  TC001_Login:43 - strated
2025-03-07 17:03:242 INFO  TC001_Login:12 - method start
2025-03-07 17:03:175 INFO  TC001_Login:16 - method end
2025-03-07 17:03:960 INFO  TC001_Login:43 - strated
2025-03-07 17:03:459 INFO  TC001_Login:12 - method start
2025-03-07 17:03:150 INFO  TC001_Login:16 - method end
2025-03-07 17:03:566 INFO  TC001_Login:43 - strated
2025-03-07 17:03:511 INFO  TC001_Login:12 - method start
2025-03-07 17:03:30 INFO  TC001_Login:16 - method end
2025-03-07 17:03:22 INFO  TC001_Login:43 - strated
2025-03-07 17:03:881 INFO  TC001_Login:13 - method start
2025-03-07 17:03:188 INFO  TC001_Login:19 - method end
2025-03-07 17:03:858 INFO  TC001_Login:43 - strated
2025-03-07 17:03:686 INFO  TC001_Login:15 - method start
2025-03-07 17:03:231 INFO  TC001_Login:43 - strated
2025-03-07 17:03:892 INFO  TC001_Login:15 - method start
2025-03-07 17:03:227 INFO  TC001_Login:43 - strated
2025-03-07 17:03:788 INFO  TC001_Login:15 - method start
2025-03-07 17:03:973 INFO  TC001_Login:27 - method end
2025-03-07 17:03:158 INFO  TC001_Login:43 - strated
2025-03-07 17:03:933 INFO  TC001_Login:15 - method start
2025-03-07 17:03:379 INFO  TC001_Login:27 - method end
2025-03-07 17:03:679 INFO  TC001_Login:43 - strated
2025-03-07 17:03:12 INFO  TC001_Login:15 - method start
2025-03-07 17:03:680 INFO  TC001_Login:27 - method end
2025-03-07 17:03:525 INFO  TC001_Login:43 - strated
2025-03-07 17:03:129 INFO  TC001_Login:15 - method start
2025-03-07 17:03:873 INFO  TC001_Login:27 - method end
2025-03-07 17:03:653 INFO  TC001_Login:43 - strated
2025-03-07 17:03:764 INFO  TC001_Login:15 - method start
2025-03-07 17:03:423 INFO  TC001_Login:27 - method end
2025-03-07 17:03:59 INFO  TC001_Login:43 - strated
2025-03-07 17:03:860 INFO  TC001_Login:15 - method start
2025-03-07 17:03:669 INFO  TC001_Login:27 - method end
2025-03-07 17:03:290 INFO  TC001_Login:43 - strated
2025-03-07 17:03:451 INFO  TC001_Login:15 - method start
2025-03-07 17:03:217 INFO  TC001_Login:29 - method end
2025-03-07 17:03:284 INFO  TC001_Login:43 - strated
2025-03-07 17:03:853 INFO  TC001_Login:15 - method start
2025-03-07 17:03:207 INFO  TC001_Login:29 - method end
2025-03-07 17:03:81 INFO  TC001_Login:43 - strated
2025-03-07 17:03:829 INFO  TC001_Login:15 - method start
2025-03-07 17:03:499 INFO  TC001_Login:29 - method end
2025-03-07 18:03:245 INFO  TC001_Login:43 - strated
2025-03-07 18:03:217 INFO  TC001_Login:15 - method start
2025-03-07 18:03:354 INFO  TC001_Login:28 - method end
2025-03-07 18:03:465 INFO  TC001_Login:43 - strated
2025-03-07 18:03:480 INFO  TC001_Login:15 - method start
2025-03-07 18:03:230 INFO  TC001_Login:28 - method end
2025-03-07 18:03:630 INFO  TC_002Login:43 - strated
2025-03-07 18:03:984 INFO  TC_002Login:16 - method start
2025-03-07 18:03:221 INFO  TC_002Login:41 - method end
2025-03-07 18:03:225 INFO  TC_002Login:16 - method start
2025-03-07 18:03:224 INFO  TC_002Login:41 - method end
2025-03-07 18:03:232 INFO  TC_002Login:16 - method start
2025-03-07 18:03:249 INFO  TC_002Login:41 - method end
2025-03-07 18:03:258 INFO  TC_002Login:16 - method start
2025-03-07 18:03:169 INFO  TC001_Login:43 - strated
2025-03-07 18:03:574 INFO  TC001_Login:15 - method start
2025-03-07 18:03:849 INFO  TC001_Login:28 - method end
2025-03-07 18:03:903 INFO  TC_002Login:43 - strated
2025-03-07 18:03:945 INFO  TC_002Login:16 - method start
2025-03-07 18:03:868 INFO  TC_002Login:41 - method end
2025-03-07 18:03:881 INFO  TC_002Login:16 - method start
2025-03-07 18:03:232 INFO  TC_002Login:41 - method end
2025-03-07 18:03:247 INFO  TC_002Login:16 - method start
2025-03-07 18:03:885 INFO  TC_002Login:41 - method end
2025-03-07 18:03:899 INFO  TC_002Login:16 - method start
2025-03-07 18:03:61 INFO  TC_002Login:41 - method end
2025-03-07 18:03:55 INFO  TC001_Login:43 - strated
2025-03-07 18:03:124 INFO  TC001_Login:15 - method start
2025-03-07 18:03:324 INFO  TC001_Login:28 - method end
2025-03-07 18:03:731 INFO  TC_002Login:43 - strated
2025-03-07 18:03:147 INFO  TC_002Login:16 - method start
2025-03-07 18:03:256 INFO  TC_002Login:41 - method end
2025-03-07 18:03:260 INFO  TC_002Login:16 - method start
2025-03-07 18:03:47 INFO  TC_002Login:41 - method end
2025-03-07 18:03:62 INFO  TC_002Login:16 - method start
2025-03-07 18:03:11 INFO  TC_002Login:41 - method end
2025-03-07 18:03:22 INFO  TC_002Login:16 - method start
2025-03-07 18:03:843 INFO  TC_002Login:41 - method end
2025-03-07 18:03:969 INFO  TC001_Login:15 - method start
2025-03-07 18:03:574 INFO  TC_002Login:16 - method start
2025-03-07 18:03:579 INFO  TC_002Login:16 - method start
2025-03-07 18:03:584 INFO  TC_002Login:16 - method start
2025-03-07 18:03:590 INFO  TC_002Login:16 - method start
2025-03-07 18:03:314 INFO  TC001_Login:15 - method start
2025-03-07 18:03:999 INFO  TC_002Login:16 - method start
2025-03-07 18:03:06 INFO  TC_002Login:16 - method start
2025-03-07 18:03:13 INFO  TC_002Login:16 - method start
2025-03-07 18:03:19 INFO  TC_002Login:16 - method start
2025-03-07 18:03:522 INFO  TC_002Login:43 - strated
2025-03-07 18:03:338 INFO  TC_002Login:16 - method start
2025-03-07 18:03:15 INFO  TC_002Login:41 - method end
2025-03-07 18:03:65 INFO  TC_002Login:16 - method start
2025-03-07 18:03:864 INFO  TC_002Login:41 - method end
2025-03-07 18:03:882 INFO  TC_002Login:16 - method start
2025-03-07 18:03:723 INFO  TC_002Login:41 - method end
2025-03-07 18:03:739 INFO  TC_002Login:16 - method start
2025-03-07 18:03:664 INFO  TC_002Login:41 - method end
2025-03-07 18:03:222 INFO  TC_002Login:43 - strated
2025-03-07 18:03:771 INFO  TC_002Login:16 - method start
2025-03-07 18:03:37 INFO  TC_002Login:41 - method end
2025-03-07 18:03:92 INFO  TC_002Login:16 - method start
2025-03-07 18:03:135 INFO  TC_002Login:41 - method end
2025-03-07 18:03:146 INFO  TC_002Login:16 - method start
2025-03-07 18:03:814 INFO  TC_002Login:41 - method end
2025-03-07 18:03:821 INFO  TC_002Login:16 - method start
2025-03-07 18:03:908 INFO  TC_002Login:41 - method end
2025-03-07 18:03:602 INFO  TC_002Login:43 - strated
2025-03-07 18:03:735 INFO  TC_002Login:16 - method start
2025-03-07 18:03:236 INFO  TC_002Login:41 - method end
2025-03-07 18:03:278 INFO  TC_002Login:16 - method start
2025-03-07 18:03:222 INFO  TC_002Login:41 - method end
2025-03-07 18:03:232 INFO  TC_002Login:16 - method start
2025-03-07 18:03:235 INFO  TC_002Login:16 - method start
2025-03-07 18:03:593 INFO  TC001_Login:43 - strated
2025-03-07 18:03:428 INFO  TC001_Login:15 - method start
2025-03-07 18:03:694 INFO  TC001_Login:28 - method end
2025-03-07 19:03:555 INFO  TC001_Login:43 - strated
2025-03-07 19:03:186 INFO  TC001_Login:15 - method start
2025-03-07 19:03:112 INFO  TC001_Login:28 - method end
2025-03-07 19:03:448 INFO  TC_002Login:43 - strated
2025-03-07 19:03:406 INFO  TC_002Login:16 - method start
2025-03-07 19:03:953 INFO  TC_002Login:41 - method end
2025-03-07 19:03:960 INFO  TC_002Login:16 - method start
2025-03-07 19:03:148 INFO  TC_002Login:41 - method end
2025-03-07 19:03:153 INFO  TC_002Login:16 - method start
2025-03-07 19:03:359 INFO  TC_002Login:16 - method start
2025-03-07 19:03:142 INFO  TC_002Login:43 - strated
2025-03-07 19:03:725 INFO  TC_002Login:16 - method start
2025-03-07 19:03:135 INFO  TC_002Login:41 - method end
2025-03-07 19:03:187 INFO  TC_002Login:16 - method start
2025-03-07 19:03:446 INFO  TC_002Login:41 - method end
2025-03-07 19:03:427 INFO  TC001_Login:43 - strated
2025-03-07 19:03:303 INFO  TC001_Login:15 - method start
2025-03-07 19:03:656 INFO  TC001_Login:28 - method end
2025-03-07 19:03:919 INFO  TC001_Login:43 - strated
2025-03-07 19:03:859 INFO  TC001_Login:15 - method start
2025-03-07 19:03:563 INFO  TC001_Login:28 - method end
2025-03-07 19:03:274 INFO  TC001_Login:43 - strated
2025-03-07 19:03:879 INFO  TC001_Login:15 - method start
2025-03-07 19:03:858 INFO  TC001_Login:28 - method end
2025-03-07 19:03:86 INFO  TC001_Login:44 - strated
2025-03-07 19:03:498 INFO  TC001_Login:15 - method start
2025-03-07 19:03:239 INFO  TC001_Login:28 - method end
2025-03-07 19:03:642 INFO  TC001_Login:44 - strated
2025-03-07 19:03:936 INFO  TC001_Login:15 - method start
2025-03-07 19:03:111 INFO  TC001_Login:28 - method end
2025-03-07 19:03:888 INFO  TC001_Login:44 - strated
2025-03-07 19:03:744 INFO  TC001_Login:15 - method start
2025-03-07 19:03:691 INFO  TC001_Login:28 - method end
2025-03-07 19:03:252 INFO  TC001_Login:44 - strated
2025-03-07 19:03:901 INFO  TC001_Login:15 - method start
2025-03-07 19:03:438 INFO  TC001_Login:28 - method end
2025-03-07 19:03:986 INFO  TC001_Login:44 - strated
2025-03-07 19:03:525 INFO  TC001_Login:15 - method start
2025-03-07 19:03:896 INFO  TC001_Login:28 - method end
2025-03-07 21:03:991 INFO  TC001_Login:44 - strated
2025-03-07 21:03:958 INFO  TC001_Login:15 - method start
2025-03-07 21:03:308 INFO  TC001_Login:28 - method end
2025-03-07 21:03:462 INFO  TC001_Login:44 - strated
2025-03-07 21:03:55 INFO  TC001_Login:15 - method start
2025-03-07 21:03:227 INFO  TC001_Login:28 - method end
2025-03-07 21:03:752 INFO  TC001_Login:44 - strated
2025-03-07 21:03:143 INFO  TC001_Login:15 - method start
2025-03-07 21:03:378 INFO  TC001_Login:28 - method end
